{"name":"poc-logger","hostname":"zrn","pid":190327,"level":50,"severity":600,"msg":"CRITICAL","time":"2025-01-22T05:45:21.832Z","v":0}
{"name":"poc-logger","hostname":"zrn","pid":190327,"level":30,"severity":100,"msg":"Debug","time":"2025-01-22T05:45:24.184Z","v":0}
{"name":"poc-logger","hostname":"zrn","pid":190327,"level":30,"severity":300,"msg":"Notice","time":"2025-01-22T05:45:26.444Z","v":0}
{"name":"poc-logger","hostname":"zrn","pid":196740,"level":30,"severity":"DEBUG","msg":"Debug","time":"2025-01-22T06:04:43.283Z","v":0}
{"name":"poc-logger","hostname":"zrn","pid":196740,"level":30,"severity":"NOTICE","msg":"Notice","time":"2025-01-22T06:04:45.437Z","v":0}
{"name":"poc-logger","hostname":"zrn","pid":196740,"level":30,"severity":"ERROR","msg":"ERROR","time":"2025-01-22T06:04:47.454Z","v":0}
{"name":"poc-logger","hostname":"zrn","pid":196740,"level":30,"severity":"EMERGENCY","msg":"EMERGENCY","time":"2025-01-22T06:04:49.679Z","v":0}
{"name":"poc-logger","hostname":"zrn","pid":196740,"level":30,"severity":"CRITICAL","msg":"CRITICAL","time":"2025-01-22T06:04:52.025Z","v":0}
{"name":"poc-logger","hostname":"zrn","pid":196740,"level":30,"severity":"WARNING","msg":"Warning","time":"2025-01-22T06:04:54.310Z","v":0}
{"name":"poc-logger","hostname":"zrn","pid":196740,"level":30,"severity":"EMERGENCY","msg":"EMERGENCY","time":"2025-01-22T06:04:56.364Z","v":0}
{"name":"poc-logger","hostname":"zrn","pid":41893,"level":30,"severity":"WARNING","time":"2025-01-23T01:52:34.939Z","v":0,"message":"Warning"}
{"name":"poc-logger","hostname":"zrn","pid":41893,"level":40,"severity":"Any","customKey":"asdfasdf","time":"2025-01-23T01:52:34.939Z","v":0,"message":"Message"}
{"name":"poc-logger","hostname":"zrn","pid":41893,"level":30,"severity":"NOTICE","time":"2025-01-23T01:52:37.325Z","v":0,"message":"Notice"}
{"name":"poc-logger","hostname":"zrn","pid":41893,"level":40,"severity":"Any","customKey":"asdfasdf","time":"2025-01-23T01:52:37.325Z","v":0,"message":"Message"}
{"name":"poc-logger","hostname":"zrn","pid":41893,"level":40,"severity":"Any","customKey":"asdfasdf","time":"2025-01-23T01:52:39.735Z","v":0,"message":"Message"}
{"name":"poc-logger","hostname":"zrn","pid":41893,"level":30,"severity":"ERROR","time":"2025-01-23T01:52:39.735Z","v":0,"message":"ERROR"}
{"name":"poc-logger","hostname":"zrn","pid":41893,"level":30,"severity":"ALERT","time":"2025-01-23T01:52:41.754Z","v":0,"message":"ALERT"}
{"name":"poc-logger","hostname":"zrn","pid":41893,"level":40,"severity":"Any","customKey":"asdfasdf","time":"2025-01-23T01:52:41.755Z","v":0,"message":"Message"}
{"name":"poc-logger","hostname":"zrn","pid":41893,"level":30,"severity":"NOTICE","time":"2025-01-23T01:52:44.146Z","v":0,"message":"Notice"}
{"name":"poc-logger","hostname":"zrn","pid":41893,"level":40,"severity":"Any","customKey":"asdfasdf","time":"2025-01-23T01:52:44.147Z","v":0,"message":"Message"}
{"name":"poc-logger","hostname":"zrn","pid":41893,"level":30,"severity":"NOTICE","time":"2025-01-23T01:52:46.382Z","v":0,"message":"Notice"}
{"name":"poc-logger","hostname":"zrn","pid":41893,"level":40,"severity":"Any","customKey":"asdfasdf","time":"2025-01-23T01:52:46.382Z","v":0,"message":"Message"}
{"name":"poc-logger","hostname":"zrn","pid":41893,"level":30,"severity":"ALERT","time":"2025-01-23T01:52:48.559Z","v":0,"message":"ALERT"}
{"name":"poc-logger","hostname":"zrn","pid":41893,"level":40,"severity":"Any","customKey":"asdfasdf","time":"2025-01-23T01:52:48.559Z","v":0,"message":"Message"}
{"name":"poc-logger","hostname":"zrn","pid":41893,"level":30,"severity":"WARNING","time":"2025-01-23T01:52:50.896Z","v":0,"message":"Warning"}
{"name":"poc-logger","hostname":"zrn","pid":41893,"level":40,"severity":"Any","customKey":"asdfasdf","time":"2025-01-23T01:52:50.896Z","v":0,"message":"Message"}
{"name":"poc-logger","hostname":"zrn","pid":41893,"level":30,"severity":"EMERGENCY","time":"2025-01-23T01:52:53.288Z","v":0,"message":"EMERGENCY"}
{"name":"poc-logger","hostname":"zrn","pid":41893,"level":40,"severity":"Any","customKey":"asdfasdf","time":"2025-01-23T01:52:53.288Z","v":0,"message":"Message"}
{"name":"poc-logger","hostname":"zrn","pid":41893,"level":30,"severity":"DEBUG","time":"2025-01-23T01:52:55.671Z","v":0,"message":"Debug"}
{"name":"poc-logger","hostname":"zrn","pid":41893,"level":40,"severity":"Any","customKey":"asdfasdf","time":"2025-01-23T01:52:55.671Z","v":0,"message":"Message"}
{"name":"poc-logger","hostname":"zrn","pid":41893,"level":30,"severity":"DEBUG","time":"2025-01-23T01:52:57.901Z","v":0,"message":"Debug"}
{"name":"poc-logger","hostname":"zrn","pid":41893,"level":40,"severity":"Any","customKey":"asdfasdf","time":"2025-01-23T01:52:57.901Z","v":0,"message":"Message"}
{"name":"poc-logger","hostname":"zrn","pid":41893,"level":40,"severity":"Any","customKey":"asdfasdf","time":"2025-01-23T01:53:00.068Z","v":0,"message":"Message"}
{"name":"poc-logger","hostname":"zrn","pid":41893,"level":30,"severity":"NOTICE","time":"2025-01-23T01:53:00.068Z","v":0,"message":"Notice"}
{"name":"poc-logger","hostname":"zrn","pid":41893,"level":40,"severity":"Any","customKey":"asdfasdf","time":"2025-01-23T01:53:02.238Z","v":0,"message":"Message"}
{"name":"poc-logger","hostname":"zrn","pid":41893,"level":30,"severity":"ERROR","time":"2025-01-23T01:53:02.238Z","v":0,"message":"ERROR"}
{"name":"poc-logger","hostname":"zrn","pid":42407,"level":30,"severity":"CRITICAL","time":"2025-01-23T01:53:17.778Z","v":0,"message":"CRITICAL"}
{"name":"poc-logger","hostname":"zrn","pid":42407,"level":30,"severity":"INFO","time":"2025-01-23T01:53:19.899Z","v":0,"message":"Info"}
